<?xml version="1.0" encoding="UTF-8"?>
<testsuite name="CommandsReceiverTest" tests="6" skipped="0" failures="0" errors="0" timestamp="2022-09-04T20:56:28" hostname="Dymedyuks-MacBook-Pro.local" time="0.882">
  <properties/>
  <testcase name="hasNewCommand()" classname="CommandsReceiverTest" time="0.837"/>
  <testcase name="readNextCommandInvalidCommand()" classname="CommandsReceiverTest" time="0.013"/>
  <testcase name="start()" classname="CommandsReceiverTest" time="0.005"/>
  <testcase name="readNextCommandOutOfOrder()" classname="CommandsReceiverTest" time="0.006"/>
  <testcase name="readNextCommand()" classname="CommandsReceiverTest" time="0.005"/>
  <testcase name="startFailed()" classname="CommandsReceiverTest" time="0.008"/>
  <system-out><![CDATA[]]></system-out>
  <system-err><![CDATA[]]></system-err>
</testsuite>
